[s6-init] making user provided files available at /var/run/s6/etc...exited 0.
[s6-init] ensuring user provided files have correct perms...exited 0.
[fix-attrs.d] applying ownership & permissions fixes...
[fix-attrs.d] done.
[cont-init.d] executing container initialization scripts...
[cont-init.d] done.
[services.d] starting services
[services.d] done.
/opt/bin/serf agent --join ha --replay --event-handler member-join=/serf-handlers/member-join.sh --event-handler member-leave,member-failed=/serf-handlers/member-leave.sh --tag role=balancer
==> Starting Serf agent...
==> Starting Serf agent RPC...
==> Serf agent running!
         Node name: 'c75a5337cd63'
         Bind addr: '0.0.0.0:7946'
          RPC addr: '127.0.0.1:7373'
         Encrypted: false
          Snapshot: false
           Profile: lan
==> Joining cluster...(replay: true)
    Join completed. Synced with 1 initial agents

==> Log data will now stream in as it occurs:

    2018/12/29 14:30:35 [INFO] agent: Serf agent starting
    2018/12/29 14:30:35 [INFO] serf: EventMemberJoin: c75a5337cd63 172.16.238.10
    2018/12/29 14:30:35 [INFO] agent: joining: [ha] replay: true
    2018/12/29 14:30:35 [INFO] agent: joined: 1 nodes
    2018/12/29 14:30:35 [INFO] serf: EventMemberJoin: 35512671af23 172.16.238.12
    2018/12/29 14:30:35 [INFO] serf: EventMemberJoin: cec7a63dcbc9 172.16.238.11
    2018/12/29 14:30:36 [INFO] agent: Received event: member-join
    2018/12/29 14:30:36 [ERR] agent: Error invoking script '/serf-handlers/member-join.sh': exit status 127
