[s6-init] making user provided files available at /var/run/s6/etc...exited 0.
[s6-init] ensuring user provided files have correct perms...exited 0.
[fix-attrs.d] applying ownership & permissions fixes...
[fix-attrs.d] done.
[cont-init.d] executing container initialization scripts...
[cont-init.d] done.
[services.d] starting services
[services.d] done.
/opt/bin/serf agent --join ha --tag role=backend
==> Starting Serf agent...
==> Starting Serf agent RPC...
==> Serf agent running!
         Node name: 'cec7a63dcbc9'
         Bind addr: '0.0.0.0:7946'
          RPC addr: '127.0.0.1:7373'
         Encrypted: false
          Snapshot: false
           Profile: lan
==> Joining cluster...(replay: false)
==> lookup ha on 127.0.0.11:53: no such host
Application started
[0mHEAD / [32m200 [0m10.581 ms - 114[0m
/opt/bin/serf agent --join ha --tag role=backend
==> Starting Serf agent...
==> Starting Serf agent RPC...
==> Serf agent running!
         Node name: 'cec7a63dcbc9'
         Bind addr: '0.0.0.0:7946'
          RPC addr: '127.0.0.1:7373'
         Encrypted: false
          Snapshot: false
           Profile: lan
==> Joining cluster...(replay: false)
    Join completed. Synced with 1 initial agents

==> Log data will now stream in as it occurs:

    2018/12/29 14:30:35 [INFO] agent: Serf agent starting
    2018/12/29 14:30:35 [INFO] serf: EventMemberJoin: cec7a63dcbc9 172.16.238.11
    2018/12/29 14:30:35 [INFO] agent: joining: [ha] replay: false
    2018/12/29 14:30:35 [INFO] serf: EventMemberJoin: 35512671af23 172.16.238.12
    2018/12/29 14:30:35 [INFO] serf: EventMemberJoin: c75a5337cd63 172.16.238.10
    2018/12/29 14:30:35 [INFO] agent: joined: 1 nodes
    2018/12/29 14:30:36 [INFO] agent: Received event: member-join
[0mHEAD / [32m200 [0m6.020 ms - 114[0m
[0mHEAD / [32m200 [0m2.903 ms - 114[0m
[0mHEAD / [32m200 [0m2.421 ms - 114[0m
[0mHEAD / [32m200 [0m3.195 ms - 114[0m
[0mHEAD / [32m200 [0m2.021 ms - 114[0m
[0mHEAD / [32m200 [0m1.838 ms - 114[0m
[0mHEAD / [32m200 [0m1.917 ms - 114[0m
[0mHEAD / [32m200 [0m3.664 ms - 114[0m
[0mHEAD / [32m200 [0m2.758 ms - 114[0m
[0mHEAD / [32m200 [0m1.239 ms - 114[0m
[0mHEAD / [32m200 [0m1.870 ms - 114[0m
[0mHEAD / [32m200 [0m2.191 ms - 114[0m
[0mHEAD / [32m200 [0m0.789 ms - 114[0m
[0mHEAD / [32m200 [0m1.815 ms - 114[0m
[0mHEAD / [32m200 [0m1.516 ms - 114[0m
[0mHEAD / [32m200 [0m3.385 ms - 114[0m
[0mHEAD / [32m200 [0m0.959 ms - 114[0m
[0mHEAD / [32m200 [0m1.826 ms - 114[0m
[0mHEAD / [32m200 [0m0.988 ms - 114[0m
[0mHEAD / [32m200 [0m2.246 ms - 114[0m
[0mHEAD / [32m200 [0m1.717 ms - 114[0m
[0mHEAD / [32m200 [0m2.131 ms - 114[0m
[0mHEAD / [32m200 [0m2.801 ms - 114[0m
[0mHEAD / [32m200 [0m2.737 ms - 114[0m
[0mHEAD / [32m200 [0m1.801 ms - 114[0m
[0mHEAD / [32m200 [0m1.670 ms - 114[0m
[0mHEAD / [32m200 [0m0.963 ms - 114[0m
[0mHEAD / [32m200 [0m1.442 ms - 114[0m
[0mHEAD / [32m200 [0m2.236 ms - 114[0m
[0mHEAD / [32m200 [0m0.922 ms - 114[0m
[0mHEAD / [32m200 [0m1.792 ms - 114[0m
[0mHEAD / [32m200 [0m2.588 ms - 114[0m
[0mHEAD / [32m200 [0m3.374 ms - 114[0m
[0mHEAD / [32m200 [0m1.826 ms - 114[0m
[0mHEAD / [32m200 [0m2.098 ms - 114[0m
[0mHEAD / [32m200 [0m1.032 ms - 114[0m
[0mHEAD / [32m200 [0m1.112 ms - 114[0m
[0mHEAD / [32m200 [0m1.080 ms - 114[0m
[0mHEAD / [32m200 [0m1.568 ms - 114[0m
[0mHEAD / [32m200 [0m1.623 ms - 114[0m
[0mHEAD / [32m200 [0m1.872 ms - 114[0m
[0mHEAD / [32m200 [0m1.298 ms - 114[0m
[0mHEAD / [32m200 [0m4.309 ms - 114[0m
[0mHEAD / [32m200 [0m1.025 ms - 114[0m
[0mHEAD / [32m200 [0m0.978 ms - 114[0m
[0mHEAD / [32m200 [0m1.304 ms - 114[0m
[0mHEAD / [32m200 [0m0.872 ms - 114[0m
[0mHEAD / [32m200 [0m2.264 ms - 114[0m
[0mHEAD / [32m200 [0m1.404 ms - 114[0m
[0mHEAD / [32m200 [0m0.700 ms - 114[0m
[0mHEAD / [32m200 [0m1.013 ms - 114[0m
[0mHEAD / [32m200 [0m1.680 ms - 114[0m
[0mHEAD / [32m200 [0m2.669 ms - 114[0m
[0mHEAD / [32m200 [0m1.079 ms - 114[0m
[0mHEAD / [32m200 [0m0.668 ms - 114[0m
[0mHEAD / [32m200 [0m2.355 ms - 114[0m
[0mHEAD / [32m200 [0m1.312 ms - 114[0m
[0mHEAD / [32m200 [0m1.765 ms - 114[0m
[0mHEAD / [32m200 [0m2.481 ms - 114[0m
[0mHEAD / [32m200 [0m0.674 ms - 114[0m
[0mHEAD / [32m200 [0m1.220 ms - 114[0m
[0mHEAD / [32m200 [0m1.530 ms - 114[0m
[0mHEAD / [32m200 [0m3.002 ms - 114[0m
[0mHEAD / [32m200 [0m1.353 ms - 114[0m
[0mHEAD / [32m200 [0m7.479 ms - 114[0m
[0mHEAD / [32m200 [0m1.620 ms - 114[0m
[0mHEAD / [32m200 [0m0.733 ms - 114[0m
[0mHEAD / [32m200 [0m0.984 ms - 114[0m
[0mHEAD / [32m200 [0m1.814 ms - 114[0m
[0mHEAD / [32m200 [0m1.746 ms - 114[0m
[0mHEAD / [32m200 [0m2.046 ms - 114[0m
[0mHEAD / [32m200 [0m1.663 ms - 114[0m
[0mHEAD / [32m200 [0m6.499 ms - 114[0m
[0mHEAD / [32m200 [0m1.442 ms - 114[0m
[0mHEAD / [32m200 [0m2.224 ms - 114[0m
[0mHEAD / [32m200 [0m1.760 ms - 114[0m
[0mHEAD / [32m200 [0m0.978 ms - 114[0m
[0mHEAD / [32m200 [0m7.383 ms - 114[0m
[0mHEAD / [32m200 [0m1.876 ms - 114[0m
[0mHEAD / [32m200 [0m1.254 ms - 114[0m
[0mHEAD / [32m200 [0m1.975 ms - 114[0m
[0mHEAD / [32m200 [0m0.688 ms - 114[0m
[0mHEAD / [32m200 [0m1.282 ms - 114[0m
[0mHEAD / [32m200 [0m1.629 ms - 114[0m
[0mHEAD / [32m200 [0m1.326 ms - 114[0m
[0mHEAD / [32m200 [0m1.922 ms - 114[0m
[0mHEAD / [32m200 [0m1.732 ms - 114[0m
[0mHEAD / [32m200 [0m1.976 ms - 114[0m
[0mHEAD / [32m200 [0m1.879 ms - 114[0m
[0mHEAD / [32m200 [0m1.834 ms - 114[0m
[0mHEAD / [32m200 [0m1.528 ms - 114[0m
[0mHEAD / [32m200 [0m1.921 ms - 114[0m
[0mHEAD / [32m200 [0m1.198 ms - 114[0m
[0mHEAD / [32m200 [0m1.615 ms - 114[0m
[0mHEAD / [32m200 [0m1.770 ms - 114[0m
[0mHEAD / [32m200 [0m0.956 ms - 114[0m
[0mHEAD / [32m200 [0m1.801 ms - 114[0m
[0mHEAD / [32m200 [0m1.679 ms - 114[0m
[0mHEAD / [32m200 [0m0.838 ms - 114[0m
[0mHEAD / [32m200 [0m0.657 ms - 114[0m
[0mHEAD / [32m200 [0m0.637 ms - 114[0m
[0mHEAD / [32m200 [0m1.803 ms - 114[0m
[0mHEAD / [32m200 [0m2.197 ms - 114[0m
[0mHEAD / [32m200 [0m0.868 ms - 114[0m
[0mHEAD / [32m200 [0m1.996 ms - 114[0m
[0mHEAD / [32m200 [0m1.825 ms - 114[0m
[0mHEAD / [32m200 [0m2.003 ms - 114[0m
[0mHEAD / [32m200 [0m0.845 ms - 114[0m
[0mHEAD / [32m200 [0m1.831 ms - 114[0m
[0mHEAD / [32m200 [0m1.935 ms - 114[0m
[0mHEAD / [32m200 [0m1.267 ms - 114[0m
[0mHEAD / [32m200 [0m1.720 ms - 114[0m
[0mHEAD / [32m200 [0m1.941 ms - 114[0m
[0mHEAD / [32m200 [0m1.833 ms - 114[0m
[0mHEAD / [32m200 [0m1.789 ms - 114[0m
[0mHEAD / [32m200 [0m0.644 ms - 114[0m
[0mHEAD / [32m200 [0m1.846 ms - 114[0m
[0mHEAD / [32m200 [0m1.846 ms - 114[0m
[0mHEAD / [32m200 [0m1.067 ms - 114[0m
[0mHEAD / [32m200 [0m1.192 ms - 114[0m
[0mHEAD / [32m200 [0m1.737 ms - 114[0m
[0mHEAD / [32m200 [0m1.208 ms - 114[0m
[0mHEAD / [32m200 [0m1.653 ms - 114[0m
[0mHEAD / [32m200 [0m1.672 ms - 114[0m
[0mHEAD / [32m200 [0m1.841 ms - 114[0m
[0mHEAD / [32m200 [0m1.830 ms - 114[0m
[0mHEAD / [32m200 [0m2.109 ms - 114[0m
[0mHEAD / [32m200 [0m1.548 ms - 114[0m
[0mHEAD / [32m200 [0m1.585 ms - 114[0m
[0mHEAD / [32m200 [0m1.974 ms - 114[0m
[0mHEAD / [32m200 [0m6.350 ms - 114[0m
[0mHEAD / [32m200 [0m0.736 ms - 114[0m
[0mHEAD / [32m200 [0m0.848 ms - 114[0m
[0mHEAD / [32m200 [0m2.120 ms - 114[0m
[0mHEAD / [32m200 [0m1.755 ms - 114[0m
[0mHEAD / [32m200 [0m0.689 ms - 114[0m
[0mHEAD / [32m200 [0m1.135 ms - 114[0m
[0mHEAD / [32m200 [0m1.130 ms - 114[0m
[0mHEAD / [32m200 [0m1.296 ms - 114[0m
[0mHEAD / [32m200 [0m1.788 ms - 114[0m
[0mHEAD / [32m200 [0m0.714 ms - 114[0m
[0mHEAD / [32m200 [0m1.593 ms - 114[0m
[0mHEAD / [32m200 [0m1.901 ms - 114[0m
[0mHEAD / [32m200 [0m2.219 ms - 114[0m
[0mHEAD / [32m200 [0m0.678 ms - 114[0m
[0mHEAD / [32m200 [0m0.710 ms - 114[0m
[0mHEAD / [32m200 [0m1.831 ms - 114[0m
[0mHEAD / [32m200 [0m1.791 ms - 114[0m
[0mHEAD / [32m200 [0m0.836 ms - 114[0m
[0mHEAD / [32m200 [0m1.881 ms - 114[0m
[0mHEAD / [32m200 [0m1.742 ms - 114[0m
[0mHEAD / [32m200 [0m1.524 ms - 114[0m
[0mHEAD / [32m200 [0m2.932 ms - 114[0m
[0mHEAD / [32m200 [0m2.287 ms - 114[0m
[0mHEAD / [32m200 [0m1.808 ms - 114[0m
[0mHEAD / [32m200 [0m1.894 ms - 114[0m
[0mHEAD / [32m200 [0m1.837 ms - 114[0m
[0mHEAD / [32m200 [0m1.890 ms - 114[0m
[0mHEAD / [32m200 [0m1.806 ms - 114[0m
[0mHEAD / [32m200 [0m0.760 ms - 114[0m
[0mHEAD / [32m200 [0m2.789 ms - 114[0m
[0mHEAD / [32m200 [0m2.244 ms - 114[0m
[0mHEAD / [32m200 [0m1.240 ms - 114[0m
[0mHEAD / [32m200 [0m1.265 ms - 114[0m
[0mHEAD / [32m200 [0m1.956 ms - 114[0m
[0mHEAD / [32m200 [0m1.446 ms - 114[0m
[0mHEAD / [32m200 [0m1.553 ms - 114[0m
[0mHEAD / [32m200 [0m1.858 ms - 114[0m
[0mHEAD / [32m200 [0m1.213 ms - 114[0m
[0mHEAD / [32m200 [0m1.817 ms - 114[0m
[0mHEAD / [32m200 [0m1.845 ms - 114[0m
[0mHEAD / [32m200 [0m2.139 ms - 114[0m
[0mHEAD / [32m200 [0m1.908 ms - 114[0m
[0mHEAD / [32m200 [0m1.848 ms - 114[0m
[0mHEAD / [32m200 [0m1.418 ms - 114[0m
[0mHEAD / [32m200 [0m1.836 ms - 114[0m
[0mHEAD / [32m200 [0m2.351 ms - 114[0m
[0mHEAD / [32m200 [0m2.040 ms - 114[0m
[0mHEAD / [32m200 [0m0.683 ms - 114[0m
[0mHEAD / [32m200 [0m0.699 ms - 114[0m
[0mHEAD / [32m200 [0m2.095 ms - 114[0m
[0mHEAD / [32m200 [0m1.231 ms - 114[0m
[0mHEAD / [32m200 [0m0.901 ms - 114[0m
[0mHEAD / [32m200 [0m1.669 ms - 114[0m
[0mHEAD / [32m200 [0m1.598 ms - 114[0m
[0mHEAD / [32m200 [0m1.950 ms - 114[0m
[0mHEAD / [32m200 [0m0.678 ms - 114[0m
[0mHEAD / [32m200 [0m0.739 ms - 114[0m
[0mHEAD / [32m200 [0m1.793 ms - 114[0m
[0mHEAD / [32m200 [0m1.710 ms - 114[0m
[0mHEAD / [32m200 [0m1.830 ms - 114[0m
[0mHEAD / [32m200 [0m2.148 ms - 114[0m
[0mHEAD / [32m200 [0m1.251 ms - 114[0m
[0mHEAD / [32m200 [0m0.646 ms - 114[0m
[0mHEAD / [32m200 [0m2.335 ms - 114[0m
[0mHEAD / [32m200 [0m4.575 ms - 114[0m
[0mHEAD / [32m200 [0m1.567 ms - 114[0m
[0mHEAD / [32m200 [0m1.287 ms - 114[0m
[0mHEAD / [32m200 [0m2.054 ms - 114[0m
[0mHEAD / [32m200 [0m1.916 ms - 114[0m
[0mHEAD / [32m200 [0m0.991 ms - 114[0m
[0mHEAD / [32m200 [0m1.559 ms - 114[0m
[0mHEAD / [32m200 [0m1.466 ms - 114[0m
[0mHEAD / [32m200 [0m2.405 ms - 114[0m
[0mHEAD / [32m200 [0m2.591 ms - 114[0m
[0mHEAD / [32m200 [0m1.787 ms - 114[0m
[0mHEAD / [32m200 [0m1.791 ms - 114[0m
[0mHEAD / [32m200 [0m0.639 ms - 114[0m
[0mHEAD / [32m200 [0m1.823 ms - 114[0m
[0mHEAD / [32m200 [0m0.724 ms - 114[0m
[0mHEAD / [32m200 [0m0.818 ms - 114[0m
[0mHEAD / [32m200 [0m0.674 ms - 114[0m
[0mHEAD / [32m200 [0m0.728 ms - 114[0m
[0mHEAD / [32m200 [0m1.766 ms - 114[0m
[0mHEAD / [32m200 [0m0.852 ms - 114[0m
[0mHEAD / [32m200 [0m0.743 ms - 114[0m
[0mHEAD / [32m200 [0m0.782 ms - 114[0m
[0mHEAD / [32m200 [0m1.001 ms - 114[0m
[0mHEAD / [32m200 [0m0.975 ms - 114[0m
[0mHEAD / [32m200 [0m1.283 ms - 114[0m
[0mHEAD / [32m200 [0m1.692 ms - 114[0m
[0mHEAD / [32m200 [0m2.629 ms - 114[0m
[0mHEAD / [32m200 [0m2.090 ms - 114[0m
[0mHEAD / [32m200 [0m1.844 ms - 114[0m
[0mHEAD / [32m200 [0m1.060 ms - 114[0m
[0mHEAD / [32m200 [0m1.168 ms - 114[0m
[0mHEAD / [32m200 [0m1.991 ms - 114[0m
[0mHEAD / [32m200 [0m1.430 ms - 114[0m
[0mHEAD / [32m200 [0m1.981 ms - 114[0m
[0mHEAD / [32m200 [0m1.793 ms - 114[0m
[0mHEAD / [32m200 [0m1.848 ms - 114[0m
[0mHEAD / [32m200 [0m1.654 ms - 114[0m
[0mHEAD / [32m200 [0m1.791 ms - 114[0m
[0mHEAD / [32m200 [0m1.806 ms - 114[0m
[0mHEAD / [32m200 [0m1.341 ms - 114[0m
[0mHEAD / [32m200 [0m1.241 ms - 114[0m
[0mHEAD / [32m200 [0m1.791 ms - 114[0m
[0mHEAD / [32m200 [0m1.826 ms - 114[0m
[0mHEAD / [32m200 [0m1.845 ms - 114[0m
[0mHEAD / [32m200 [0m1.880 ms - 114[0m
[0mHEAD / [32m200 [0m1.333 ms - 114[0m
[0mHEAD / [32m200 [0m1.835 ms - 114[0m
[0mHEAD / [32m200 [0m1.981 ms - 114[0m
[0mHEAD / [32m200 [0m0.743 ms - 114[0m
[0mHEAD / [32m200 [0m1.067 ms - 114[0m
[0mHEAD / [32m200 [0m1.535 ms - 114[0m
[0mHEAD / [32m200 [0m1.244 ms - 114[0m
[0mHEAD / [32m200 [0m0.642 ms - 114[0m
[0mHEAD / [32m200 [0m1.804 ms - 114[0m
[0mHEAD / [32m200 [0m1.185 ms - 114[0m
[0mHEAD / [32m200 [0m1.804 ms - 114[0m
[0mHEAD / [32m200 [0m1.769 ms - 114[0m
[0mHEAD / [32m200 [0m0.678 ms - 114[0m
[0mHEAD / [32m200 [0m1.278 ms - 114[0m
[0mHEAD / [32m200 [0m0.640 ms - 114[0m
[0mHEAD / [32m200 [0m2.058 ms - 114[0m
[0mHEAD / [32m200 [0m0.843 ms - 114[0m
[0mHEAD / [32m200 [0m0.836 ms - 114[0m
[0mHEAD / [32m200 [0m1.676 ms - 114[0m
[0mHEAD / [32m200 [0m0.935 ms - 114[0m
[0mHEAD / [32m200 [0m2.094 ms - 114[0m
[0mHEAD / [32m200 [0m9.530 ms - 114[0m
[0mHEAD / [32m200 [0m3.185 ms - 114[0m
[0mHEAD / [32m200 [0m0.810 ms - 114[0m
[0mHEAD / [32m200 [0m1.859 ms - 114[0m
[0mHEAD / [32m200 [0m1.272 ms - 114[0m
[0mHEAD / [32m200 [0m1.773 ms - 114[0m
[0mHEAD / [32m200 [0m0.980 ms - 114[0m
[0mHEAD / [32m200 [0m1.830 ms - 114[0m
[0mHEAD / [32m200 [0m1.777 ms - 114[0m
[0mHEAD / [32m200 [0m1.811 ms - 114[0m
[0mHEAD / [32m200 [0m1.915 ms - 114[0m
[0mHEAD / [32m200 [0m0.677 ms - 114[0m
[0mHEAD / [32m200 [0m1.873 ms - 114[0m
[0mHEAD / [32m200 [0m1.112 ms - 114[0m
[0mHEAD / [32m200 [0m1.907 ms - 114[0m
[0mHEAD / [32m200 [0m0.709 ms - 114[0m
[0mHEAD / [32m200 [0m1.858 ms - 114[0m
[0mHEAD / [32m200 [0m1.217 ms - 114[0m
[0mHEAD / [32m200 [0m0.831 ms - 114[0m
[0mHEAD / [32m200 [0m1.899 ms - 114[0m
[0mHEAD / [32m200 [0m1.664 ms - 114[0m
[0mHEAD / [32m200 [0m1.471 ms - 114[0m
[0mHEAD / [32m200 [0m0.841 ms - 114[0m
[0mHEAD / [32m200 [0m0.998 ms - 114[0m
[0mHEAD / [32m200 [0m1.906 ms - 114[0m
[0mHEAD / [32m200 [0m1.346 ms - 114[0m
[0mHEAD / [32m200 [0m2.300 ms - 114[0m
[0mHEAD / [32m200 [0m1.930 ms - 114[0m
[0mHEAD / [32m200 [0m0.698 ms - 114[0m
[0mHEAD / [32m200 [0m1.883 ms - 114[0m
[0mHEAD / [32m200 [0m1.346 ms - 114[0m
[0mHEAD / [32m200 [0m1.929 ms - 114[0m
[0mHEAD / [32m200 [0m1.936 ms - 114[0m
[0mHEAD / [32m200 [0m1.134 ms - 114[0m
[0mHEAD / [32m200 [0m1.965 ms - 114[0m
[0mHEAD / [32m200 [0m1.827 ms - 114[0m
[0mHEAD / [32m200 [0m1.823 ms - 114[0m
[0mHEAD / [32m200 [0m1.936 ms - 114[0m
[0mHEAD / [32m200 [0m2.052 ms - 114[0m
[0mHEAD / [32m200 [0m1.702 ms - 114[0m
[0mHEAD / [32m200 [0m1.616 ms - 114[0m
[0mHEAD / [32m200 [0m1.348 ms - 114[0m
[0mHEAD / [32m200 [0m2.508 ms - 114[0m
[0mHEAD / [32m200 [0m1.571 ms - 114[0m
[0mHEAD / [32m200 [0m1.644 ms - 114[0m
[0mHEAD / [32m200 [0m2.708 ms - 114[0m
[0mHEAD / [32m200 [0m2.253 ms - 114[0m
[0mHEAD / [32m200 [0m2.263 ms - 114[0m
[0mHEAD / [32m200 [0m1.932 ms - 114[0m
[0mHEAD / [32m200 [0m2.050 ms - 114[0m
[0mHEAD / [32m200 [0m1.179 ms - 114[0m
[0mHEAD / [32m200 [0m2.032 ms - 114[0m
[0mHEAD / [32m200 [0m2.229 ms - 114[0m
[0mHEAD / [32m200 [0m2.074 ms - 114[0m
[0mHEAD / [32m200 [0m2.020 ms - 114[0m
[0mHEAD / [32m200 [0m2.143 ms - 114[0m
[0mHEAD / [32m200 [0m1.892 ms - 114[0m
[0mHEAD / [32m200 [0m1.960 ms - 114[0m
[0mHEAD / [32m200 [0m0.876 ms - 114[0m
[0mHEAD / [32m200 [0m1.932 ms - 114[0m
[0mHEAD / [32m200 [0m1.905 ms - 114[0m
[0mHEAD / [32m200 [0m1.018 ms - 114[0m
[0mHEAD / [32m200 [0m1.809 ms - 114[0m
[0mHEAD / [32m200 [0m0.866 ms - 114[0m
[0mHEAD / [32m200 [0m1.933 ms - 114[0m
[0mHEAD / [32m200 [0m1.891 ms - 114[0m
[0mHEAD / [32m200 [0m1.314 ms - 114[0m
[0mHEAD / [32m200 [0m1.727 ms - 114[0m
[0mHEAD / [32m200 [0m0.697 ms - 114[0m
[0mHEAD / [32m200 [0m0.680 ms - 114[0m
[0mHEAD / [32m200 [0m1.915 ms - 114[0m
[0mHEAD / [32m200 [0m1.927 ms - 114[0m
[0mHEAD / [32m200 [0m2.014 ms - 114[0m
[0mHEAD / [32m200 [0m2.224 ms - 114[0m
[0mHEAD / [32m200 [0m1.841 ms - 114[0m
[0mHEAD / [32m200 [0m1.920 ms - 114[0m
[0mHEAD / [32m200 [0m0.705 ms - 114[0m
[0mHEAD / [32m200 [0m1.045 ms - 114[0m
[0mHEAD / [32m200 [0m0.864 ms - 114[0m
[0mHEAD / [32m200 [0m1.252 ms - 114[0m
[0mHEAD / [32m200 [0m1.323 ms - 114[0m
[0mHEAD / [32m200 [0m1.983 ms - 114[0m
[0mHEAD / [32m200 [0m0.675 ms - 114[0m
[0mHEAD / [32m200 [0m1.904 ms - 114[0m
[0mHEAD / [32m200 [0m0.749 ms - 114[0m
[0mHEAD / [32m200 [0m1.261 ms - 114[0m
[0mHEAD / [32m200 [0m0.940 ms - 114[0m
[0mHEAD / [32m200 [0m1.893 ms - 114[0m
[0mHEAD / [32m200 [0m1.883 ms - 114[0m
[0mHEAD / [32m200 [0m2.305 ms - 114[0m
[0mHEAD / [32m200 [0m0.812 ms - 114[0m
[0mHEAD / [32m200 [0m1.919 ms - 114[0m
[0mHEAD / [32m200 [0m2.863 ms - 114[0m
[0mHEAD / [32m200 [0m1.957 ms - 114[0m
[0mHEAD / [32m200 [0m1.320 ms - 114[0m
[0mHEAD / [32m200 [0m1.848 ms - 114[0m
[0mHEAD / [32m200 [0m1.905 ms - 114[0m
[0mHEAD / [32m200 [0m1.907 ms - 114[0m
[0mHEAD / [32m200 [0m1.915 ms - 114[0m
[0mHEAD / [32m200 [0m1.877 ms - 114[0m
[0mHEAD / [32m200 [0m1.866 ms - 114[0m
[0mHEAD / [32m200 [0m1.927 ms - 114[0m
[0mHEAD / [32m200 [0m0.768 ms - 114[0m
[0mHEAD / [32m200 [0m1.903 ms - 114[0m
[0mHEAD / [32m200 [0m0.881 ms - 114[0m
[0mHEAD / [32m200 [0m1.027 ms - 114[0m
[0mHEAD / [32m200 [0m1.907 ms - 114[0m
[0mHEAD / [32m200 [0m1.928 ms - 114[0m
[0mHEAD / [32m200 [0m2.208 ms - 114[0m
[0mHEAD / [32m200 [0m1.795 ms - 114[0m
[0mHEAD / [32m200 [0m0.832 ms - 114[0m
[0mHEAD / [32m200 [0m1.959 ms - 114[0m
[0mHEAD / [32m200 [0m1.981 ms - 114[0m
[0mHEAD / [32m200 [0m1.798 ms - 114[0m
[0mHEAD / [32m200 [0m2.167 ms - 114[0m
[0mHEAD / [32m200 [0m1.367 ms - 114[0m
[0mHEAD / [32m200 [0m1.724 ms - 114[0m
[0mHEAD / [32m200 [0m1.038 ms - 114[0m
[0mHEAD / [32m200 [0m1.907 ms - 114[0m
[0mHEAD / [32m200 [0m1.890 ms - 114[0m
[0mHEAD / [32m200 [0m1.921 ms - 114[0m
[0mHEAD / [32m200 [0m0.842 ms - 114[0m
[0mHEAD / [32m200 [0m2.136 ms - 114[0m
[0mHEAD / [32m200 [0m1.247 ms - 114[0m
[0mHEAD / [32m200 [0m1.055 ms - 114[0m
[0mHEAD / [32m200 [0m0.810 ms - 114[0m
[0mHEAD / [32m200 [0m1.836 ms - 114[0m
[0mHEAD / [32m200 [0m1.885 ms - 114[0m
[0mHEAD / [32m200 [0m2.120 ms - 114[0m
[0mHEAD / [32m200 [0m1.555 ms - 114[0m
[0mHEAD / [32m200 [0m2.011 ms - 114[0m
[0mHEAD / [32m200 [0m7.766 ms - 114[0m
[0mHEAD / [32m200 [0m1.925 ms - 114[0m
[0mHEAD / [32m200 [0m2.964 ms - 114[0m
[0mHEAD / [32m200 [0m0.658 ms - 114[0m
[0mHEAD / [32m200 [0m8.254 ms - 114[0m
[0mHEAD / [32m200 [0m0.993 ms - 114[0m
[0mHEAD / [32m200 [0m1.777 ms - 114[0m
[0mHEAD / [32m200 [0m1.731 ms - 114[0m
[0mHEAD / [32m200 [0m1.368 ms - 114[0m
[0mHEAD / [32m200 [0m1.835 ms - 114[0m
[0mHEAD / [32m200 [0m1.825 ms - 114[0m
[0mHEAD / [32m200 [0m1.796 ms - 114[0m
[0mHEAD / [32m200 [0m1.792 ms - 114[0m
[0mHEAD / [32m200 [0m1.829 ms - 114[0m
[0mHEAD / [32m200 [0m1.453 ms - 114[0m
[0mHEAD / [32m200 [0m0.715 ms - 114[0m
[0mHEAD / [32m200 [0m0.802 ms - 114[0m
[0mHEAD / [32m200 [0m2.035 ms - 114[0m
[0mHEAD / [32m200 [0m1.833 ms - 114[0m
[0mHEAD / [32m200 [0m2.375 ms - 114[0m
[0mHEAD / [32m200 [0m0.894 ms - 114[0m
[0mHEAD / [32m200 [0m2.243 ms - 114[0m
[0mHEAD / [32m200 [0m1.152 ms - 114[0m
[0mHEAD / [32m200 [0m0.974 ms - 114[0m
[0mHEAD / [32m200 [0m1.883 ms - 114[0m
[0mHEAD / [32m200 [0m0.639 ms - 114[0m
[0mHEAD / [32m200 [0m0.948 ms - 114[0m
[0mHEAD / [32m200 [0m0.995 ms - 114[0m
[0mHEAD / [32m200 [0m0.879 ms - 114[0m
[0mHEAD / [32m200 [0m1.778 ms - 114[0m
[0mHEAD / [32m200 [0m1.942 ms - 114[0m
[0mHEAD / [32m200 [0m1.770 ms - 114[0m
[0mHEAD / [32m200 [0m2.230 ms - 114[0m
[0mHEAD / [32m200 [0m0.717 ms - 114[0m
[0mHEAD / [32m200 [0m1.771 ms - 114[0m
[0mHEAD / [32m200 [0m1.565 ms - 114[0m
[0mHEAD / [32m200 [0m1.241 ms - 114[0m
[0mHEAD / [32m200 [0m0.917 ms - 114[0m
[0mHEAD / [32m200 [0m0.895 ms - 114[0m
[0mHEAD / [32m200 [0m1.210 ms - 114[0m
[0mHEAD / [32m200 [0m1.489 ms - 114[0m
[0mHEAD / [32m200 [0m1.069 ms - 114[0m
[0mHEAD / [32m200 [0m1.981 ms - 114[0m
[0mHEAD / [32m200 [0m1.369 ms - 114[0m
[0mHEAD / [32m200 [0m1.336 ms - 114[0m
[0mHEAD / [32m200 [0m1.422 ms - 114[0m
[0mHEAD / [32m200 [0m1.893 ms - 114[0m
[0mHEAD / [32m200 [0m1.298 ms - 114[0m
[0mHEAD / [32m200 [0m1.118 ms - 114[0m
[0mHEAD / [32m200 [0m1.030 ms - 114[0m
[0mHEAD / [32m200 [0m2.206 ms - 114[0m
[0mHEAD / [32m200 [0m2.038 ms - 114[0m
[0mHEAD / [32m200 [0m1.235 ms - 114[0m
[0mHEAD / [32m200 [0m1.921 ms - 114[0m
[0mHEAD / [32m200 [0m0.808 ms - 114[0m
[0mHEAD / [32m200 [0m1.825 ms - 114[0m
[0mHEAD / [32m200 [0m1.759 ms - 114[0m
[0mHEAD / [32m200 [0m1.786 ms - 114[0m
[0mHEAD / [32m200 [0m1.650 ms - 114[0m
[0mHEAD / [32m200 [0m1.821 ms - 114[0m
[0mHEAD / [32m200 [0m1.740 ms - 114[0m
[0mHEAD / [32m200 [0m1.574 ms - 114[0m
[0mHEAD / [32m200 [0m1.017 ms - 114[0m
[0mHEAD / [32m200 [0m1.486 ms - 114[0m
[0mHEAD / [32m200 [0m0.703 ms - 114[0m
[0mHEAD / [32m200 [0m0.747 ms - 114[0m
[0mHEAD / [32m200 [0m0.745 ms - 114[0m
[0mHEAD / [32m200 [0m1.364 ms - 114[0m
[0mHEAD / [32m200 [0m2.742 ms - 114[0m
[0mHEAD / [32m200 [0m2.322 ms - 114[0m
[0mHEAD / [32m200 [0m2.251 ms - 114[0m
[0mHEAD / [32m200 [0m1.610 ms - 114[0m
[0mHEAD / [32m200 [0m2.014 ms - 114[0m
[0mHEAD / [32m200 [0m1.219 ms - 114[0m
[0mHEAD / [32m200 [0m1.823 ms - 114[0m
[0mHEAD / [32m200 [0m2.062 ms - 114[0m
[0mHEAD / [32m200 [0m1.195 ms - 114[0m
[0mHEAD / [32m200 [0m1.451 ms - 114[0m
[0mHEAD / [32m200 [0m2.418 ms - 114[0m
[0mHEAD / [32m200 [0m1.367 ms - 114[0m
[0mHEAD / [32m200 [0m1.780 ms - 114[0m
[0mHEAD / [32m200 [0m0.676 ms - 114[0m
[0mHEAD / [32m200 [0m1.763 ms - 114[0m
[0mHEAD / [32m200 [0m1.213 ms - 114[0m
[0mHEAD / [32m200 [0m0.946 ms - 114[0m
[0mHEAD / [32m200 [0m1.803 ms - 114[0m
[0mHEAD / [32m200 [0m1.769 ms - 114[0m
[0mHEAD / [32m200 [0m1.747 ms - 114[0m
[0mHEAD / [32m200 [0m1.685 ms - 114[0m
[0mHEAD / [32m200 [0m1.778 ms - 114[0m
[0mHEAD / [32m200 [0m2.316 ms - 114[0m
[0mHEAD / [32m200 [0m2.317 ms - 114[0m
[0mHEAD / [32m200 [0m1.802 ms - 114[0m
[0mHEAD / [32m200 [0m1.854 ms - 114[0m
[0mHEAD / [32m200 [0m1.952 ms - 114[0m
[0mHEAD / [32m200 [0m2.110 ms - 114[0m
[0mHEAD / [32m200 [0m0.699 ms - 114[0m
[0mHEAD / [32m200 [0m0.677 ms - 114[0m
[0mHEAD / [32m200 [0m1.381 ms - 114[0m
[0mHEAD / [32m200 [0m2.029 ms - 114[0m
[0mHEAD / [32m200 [0m0.765 ms - 114[0m
[0mHEAD / [32m200 [0m0.844 ms - 114[0m
[0mHEAD / [32m200 [0m1.881 ms - 114[0m
[0mHEAD / [32m200 [0m2.166 ms - 114[0m
[0mHEAD / [32m200 [0m1.003 ms - 114[0m
[0mHEAD / [32m200 [0m1.936 ms - 114[0m
[0mHEAD / [32m200 [0m2.935 ms - 114[0m
[0mHEAD / [32m200 [0m1.945 ms - 114[0m
[0mHEAD / [32m200 [0m1.868 ms - 114[0m
[0mHEAD / [32m200 [0m1.868 ms - 114[0m
[0mHEAD / [32m200 [0m0.725 ms - 114[0m
[0mHEAD / [32m200 [0m1.845 ms - 114[0m
[0mHEAD / [32m200 [0m1.887 ms - 114[0m
[0mHEAD / [32m200 [0m1.908 ms - 114[0m
[0mHEAD / [32m200 [0m1.992 ms - 114[0m
[0mHEAD / [32m200 [0m1.724 ms - 114[0m
[0mHEAD / [32m200 [0m1.027 ms - 114[0m
[0mHEAD / [32m200 [0m2.123 ms - 114[0m
[0mHEAD / [32m200 [0m1.754 ms - 114[0m
[0mHEAD / [32m200 [0m1.431 ms - 114[0m
[0mHEAD / [32m200 [0m2.127 ms - 114[0m
[0mHEAD / [32m200 [0m0.809 ms - 114[0m
[0mHEAD / [32m200 [0m1.273 ms - 114[0m
[0mHEAD / [32m200 [0m1.917 ms - 114[0m
[0mHEAD / [32m200 [0m1.358 ms - 114[0m
[0mHEAD / [32m200 [0m1.861 ms - 114[0m
[0mHEAD / [32m200 [0m1.542 ms - 114[0m
[0mHEAD / [32m200 [0m2.142 ms - 114[0m
[0mHEAD / [32m200 [0m2.185 ms - 114[0m
[0mHEAD / [32m200 [0m1.899 ms - 114[0m
[0mHEAD / [32m200 [0m2.201 ms - 114[0m
[0mHEAD / [32m200 [0m5.431 ms - 114[0m
[0mHEAD / [32m200 [0m1.864 ms - 114[0m
[0mHEAD / [32m200 [0m1.347 ms - 114[0m
[0mHEAD / [32m200 [0m3.451 ms - 114[0m
[0mHEAD / [32m200 [0m1.757 ms - 114[0m
[0mHEAD / [32m200 [0m2.137 ms - 114[0m
[0mHEAD / [32m200 [0m1.859 ms - 114[0m
[0mHEAD / [32m200 [0m0.995 ms - 114[0m
[0mHEAD / [32m200 [0m1.663 ms - 114[0m
[0mHEAD / [32m200 [0m2.056 ms - 114[0m
[0mHEAD / [32m200 [0m1.857 ms - 114[0m
[0mHEAD / [32m200 [0m1.924 ms - 114[0m
[0mHEAD / [32m200 [0m1.848 ms - 114[0m
[0mHEAD / [32m200 [0m1.971 ms - 114[0m
[0mHEAD / [32m200 [0m1.864 ms - 114[0m
[0mHEAD / [32m200 [0m1.719 ms - 114[0m
[0mHEAD / [32m200 [0m1.616 ms - 114[0m
[0mHEAD / [32m200 [0m1.077 ms - 114[0m
[0mHEAD / [32m200 [0m1.326 ms - 114[0m
[0mHEAD / [32m200 [0m1.844 ms - 114[0m
[0mHEAD / [32m200 [0m1.859 ms - 114[0m
[0mHEAD / [32m200 [0m1.887 ms - 114[0m
[0mHEAD / [32m200 [0m1.858 ms - 114[0m
[0mHEAD / [32m200 [0m1.288 ms - 114[0m
[0mHEAD / [32m200 [0m2.112 ms - 114[0m
[0mHEAD / [32m200 [0m1.855 ms - 114[0m
[0mHEAD / [32m200 [0m0.850 ms - 114[0m
[0mHEAD / [32m200 [0m1.850 ms - 114[0m
[0mHEAD / [32m200 [0m2.020 ms - 114[0m
[0mHEAD / [32m200 [0m1.999 ms - 114[0m
[0mHEAD / [32m200 [0m1.856 ms - 114[0m
[0mHEAD / [32m200 [0m2.162 ms - 114[0m
[0mHEAD / [32m200 [0m1.881 ms - 114[0m
[0mHEAD / [32m200 [0m1.545 ms - 114[0m
[0mHEAD / [32m200 [0m1.559 ms - 114[0m
[0mHEAD / [32m200 [0m1.803 ms - 114[0m
[0mHEAD / [32m200 [0m1.847 ms - 114[0m
[0mHEAD / [32m200 [0m0.786 ms - 114[0m
[0mHEAD / [32m200 [0m0.803 ms - 114[0m
[0mHEAD / [32m200 [0m1.754 ms - 114[0m
[0mHEAD / [32m200 [0m1.693 ms - 114[0m
[0mHEAD / [32m200 [0m1.681 ms - 114[0m
[0mHEAD / [32m200 [0m1.871 ms - 114[0m
[0mHEAD / [32m200 [0m1.831 ms - 114[0m
[0mHEAD / [32m200 [0m1.823 ms - 114[0m
[0mHEAD / [32m200 [0m0.782 ms - 114[0m
[0mHEAD / [32m200 [0m1.304 ms - 114[0m
[0mHEAD / [32m200 [0m1.290 ms - 114[0m
[0mHEAD / [32m200 [0m1.762 ms - 114[0m
[0mHEAD / [32m200 [0m2.119 ms - 114[0m
[0mHEAD / [32m200 [0m0.741 ms - 114[0m
[0mHEAD / [32m200 [0m2.019 ms - 114[0m
[0mHEAD / [32m200 [0m2.889 ms - 114[0m
[0mHEAD / [32m200 [0m1.268 ms - 114[0m
[0mHEAD / [32m200 [0m1.475 ms - 114[0m
[0mHEAD / [32m200 [0m0.715 ms - 114[0m
[0mHEAD / [32m200 [0m1.974 ms - 114[0m
[0mHEAD / [32m200 [0m1.844 ms - 114[0m
[0mHEAD / [32m200 [0m0.690 ms - 114[0m
[0mHEAD / [32m200 [0m1.078 ms - 114[0m
[0mHEAD / [32m200 [0m1.274 ms - 114[0m
[0mHEAD / [32m200 [0m1.332 ms - 114[0m
[0mHEAD / [32m200 [0m2.201 ms - 114[0m
[0mHEAD / [32m200 [0m1.734 ms - 114[0m
[0mHEAD / [32m200 [0m1.759 ms - 114[0m
[0mHEAD / [32m200 [0m1.553 ms - 114[0m
[0mHEAD / [32m200 [0m1.173 ms - 114[0m
[0mHEAD / [32m200 [0m0.997 ms - 114[0m
[0mHEAD / [32m200 [0m0.996 ms - 114[0m
[0mHEAD / [32m200 [0m1.718 ms - 114[0m
[0mHEAD / [32m200 [0m1.321 ms - 114[0m
[0mHEAD / [32m200 [0m1.283 ms - 114[0m
[0mHEAD / [32m200 [0m1.271 ms - 114[0m
[0mHEAD / [32m200 [0m3.344 ms - 114[0m
[0mHEAD / [32m200 [0m2.183 ms - 114[0m
[0mHEAD / [32m200 [0m1.604 ms - 114[0m
[0mHEAD / [32m200 [0m1.288 ms - 114[0m
[0mHEAD / [32m200 [0m1.000 ms - 114[0m
[0mHEAD / [32m200 [0m1.295 ms - 114[0m
[0mHEAD / [32m200 [0m2.172 ms - 114[0m
[0mHEAD / [32m200 [0m0.841 ms - 114[0m
[0mHEAD / [32m200 [0m1.279 ms - 114[0m
[0mHEAD / [32m200 [0m1.982 ms - 114[0m
[0mHEAD / [32m200 [0m1.436 ms - 114[0m
[0mHEAD / [32m200 [0m1.186 ms - 114[0m
[0mHEAD / [32m200 [0m1.728 ms - 114[0m
[0mHEAD / [32m200 [0m1.223 ms - 114[0m
[0mHEAD / [32m200 [0m10.366 ms - 114[0m
[0mHEAD / [32m200 [0m2.786 ms - 114[0m
[0mHEAD / [32m200 [0m0.940 ms - 114[0m
[0mHEAD / [32m200 [0m1.666 ms - 114[0m
[0mHEAD / [32m200 [0m1.741 ms - 114[0m
[0mHEAD / [32m200 [0m1.180 ms - 114[0m
[0mHEAD / [32m200 [0m5.212 ms - 114[0m
[0mHEAD / [32m200 [0m1.606 ms - 114[0m
[0mHEAD / [32m200 [0m2.183 ms - 114[0m
[0mHEAD / [32m200 [0m1.345 ms - 114[0m
[0mHEAD / [32m200 [0m1.240 ms - 114[0m
[0mHEAD / [32m200 [0m1.330 ms - 114[0m
[0mHEAD / [32m200 [0m1.852 ms - 114[0m
[0mHEAD / [32m200 [0m1.572 ms - 114[0m
[0mHEAD / [32m200 [0m1.238 ms - 114[0m
[0mHEAD / [32m200 [0m1.339 ms - 114[0m
[0mHEAD / [32m200 [0m1.046 ms - 114[0m
[0mHEAD / [32m200 [0m1.004 ms - 114[0m
[0mHEAD / [32m200 [0m1.946 ms - 114[0m
[0mHEAD / [32m200 [0m2.024 ms - 114[0m
[0mHEAD / [32m200 [0m0.664 ms - 114[0m
[0mHEAD / [32m200 [0m1.805 ms - 114[0m
[0mHEAD / [32m200 [0m1.699 ms - 114[0m
[0mHEAD / [32m200 [0m1.166 ms - 114[0m
[0mHEAD / [32m200 [0m1.045 ms - 114[0m
[0mHEAD / [32m200 [0m1.299 ms - 114[0m
[0mHEAD / [32m200 [0m1.107 ms - 114[0m
[0mHEAD / [32m200 [0m1.451 ms - 114[0m
[0mHEAD / [32m200 [0m1.397 ms - 114[0m
[0mHEAD / [32m200 [0m1.285 ms - 114[0m
[0mHEAD / [32m200 [0m0.979 ms - 114[0m
[0mHEAD / [32m200 [0m1.694 ms - 114[0m
[0mHEAD / [32m200 [0m1.179 ms - 114[0m
[0mHEAD / [32m200 [0m1.730 ms - 114[0m
[0mHEAD / [32m200 [0m1.776 ms - 114[0m
[0mHEAD / [32m200 [0m1.515 ms - 114[0m
[0mHEAD / [32m200 [0m1.639 ms - 114[0m
[0mHEAD / [32m200 [0m1.798 ms - 114[0m
[0mHEAD / [32m200 [0m1.800 ms - 114[0m
[0mHEAD / [32m200 [0m1.921 ms - 114[0m
[0mHEAD / [32m200 [0m1.448 ms - 114[0m
[0mHEAD / [32m200 [0m1.771 ms - 114[0m
[0mHEAD / [32m200 [0m0.770 ms - 114[0m
[0mHEAD / [32m200 [0m1.695 ms - 114[0m
[0mHEAD / [32m200 [0m5.982 ms - 114[0m
[0mHEAD / [32m200 [0m1.850 ms - 114[0m
[0mHEAD / [32m200 [0m1.290 ms - 114[0m
[0mHEAD / [32m200 [0m0.870 ms - 114[0m
[0mHEAD / [32m200 [0m5.296 ms - 114[0m
[0mHEAD / [32m200 [0m1.181 ms - 114[0m
[0mHEAD / [32m200 [0m1.768 ms - 114[0m
[0mHEAD / [32m200 [0m0.806 ms - 114[0m
[0mHEAD / [32m200 [0m0.704 ms - 114[0m
[0mHEAD / [32m200 [0m0.992 ms - 114[0m
[0mHEAD / [32m200 [0m1.192 ms - 114[0m
[0mHEAD / [32m200 [0m0.705 ms - 114[0m
[0mHEAD / [32m200 [0m1.353 ms - 114[0m
[0mHEAD / [32m200 [0m2.458 ms - 114[0m
[0mHEAD / [32m200 [0m2.051 ms - 114[0m
[0mHEAD / [32m200 [0m1.219 ms - 114[0m
[0mHEAD / [32m200 [0m2.496 ms - 114[0m
[0mHEAD / [32m200 [0m0.917 ms - 114[0m
[0mHEAD / [32m200 [0m1.708 ms - 114[0m
[0mHEAD / [32m200 [0m1.792 ms - 114[0m
[0mHEAD / [32m200 [0m1.745 ms - 114[0m
[0mHEAD / [32m200 [0m1.741 ms - 114[0m
[0mHEAD / [32m200 [0m1.755 ms - 114[0m
[0mHEAD / [32m200 [0m2.298 ms - 114[0m
[0mHEAD / [32m200 [0m1.753 ms - 114[0m
[0mHEAD / [32m200 [0m2.053 ms - 114[0m
[0mHEAD / [32m200 [0m1.732 ms - 114[0m
[0mHEAD / [32m200 [0m1.074 ms - 114[0m
[0mHEAD / [32m200 [0m1.944 ms - 114[0m
[0mHEAD / [32m200 [0m0.842 ms - 114[0m
[0mHEAD / [32m200 [0m2.307 ms - 114[0m
[0mHEAD / [32m200 [0m2.051 ms - 114[0m
[0mHEAD / [32m200 [0m1.778 ms - 114[0m
[0mHEAD / [32m200 [0m1.985 ms - 114[0m
[0mHEAD / [32m200 [0m1.639 ms - 114[0m
[0mHEAD / [32m200 [0m1.735 ms - 114[0m
[0mHEAD / [32m200 [0m1.018 ms - 114[0m
[0mHEAD / [32m200 [0m1.201 ms - 114[0m
[0mHEAD / [32m200 [0m1.251 ms - 114[0m
[0mHEAD / [32m200 [0m1.349 ms - 114[0m
[0mHEAD / [32m200 [0m1.382 ms - 114[0m
[0mHEAD / [32m200 [0m1.689 ms - 114[0m
[0mHEAD / [32m200 [0m1.186 ms - 114[0m
[0mHEAD / [32m200 [0m0.687 ms - 114[0m
[0mHEAD / [32m200 [0m1.439 ms - 114[0m
[0mHEAD / [32m200 [0m1.869 ms - 114[0m
[0mHEAD / [32m200 [0m1.780 ms - 114[0m
[0mHEAD / [32m200 [0m1.773 ms - 114[0m
[0mHEAD / [32m200 [0m1.795 ms - 114[0m
[0mHEAD / [32m200 [0m1.348 ms - 114[0m
[0mHEAD / [32m200 [0m1.756 ms - 114[0m
[0mHEAD / [32m200 [0m0.700 ms - 114[0m
[0mHEAD / [32m200 [0m1.382 ms - 114[0m
[0mHEAD / [32m200 [0m1.062 ms - 114[0m
[0mHEAD / [32m200 [0m0.925 ms - 114[0m
[0mHEAD / [32m200 [0m1.558 ms - 114[0m
[0mHEAD / [32m200 [0m2.275 ms - 114[0m
[0mHEAD / [32m200 [0m1.752 ms - 114[0m
[0mHEAD / [32m200 [0m0.758 ms - 114[0m
[0mHEAD / [32m200 [0m1.352 ms - 114[0m
[0mHEAD / [32m200 [0m1.877 ms - 114[0m
[0mHEAD / [32m200 [0m1.766 ms - 114[0m
[0mHEAD / [32m200 [0m1.823 ms - 114[0m
[0mHEAD / [32m200 [0m1.336 ms - 114[0m
[0mHEAD / [32m200 [0m1.441 ms - 114[0m
[0mHEAD / [32m200 [0m1.763 ms - 114[0m
[0mHEAD / [32m200 [0m1.664 ms - 114[0m
[0mHEAD / [32m200 [0m1.801 ms - 114[0m
[0mHEAD / [32m200 [0m1.616 ms - 114[0m
[0mHEAD / [32m200 [0m0.822 ms - 114[0m
[0mHEAD / [32m200 [0m1.190 ms - 114[0m
[0mHEAD / [32m200 [0m1.605 ms - 114[0m
[0mHEAD / [32m200 [0m1.735 ms - 114[0m
[0mHEAD / [32m200 [0m1.777 ms - 114[0m
[0mHEAD / [32m200 [0m1.735 ms - 114[0m
[0mHEAD / [32m200 [0m1.226 ms - 114[0m
[0mHEAD / [32m200 [0m0.911 ms - 114[0m
[0mHEAD / [32m200 [0m1.726 ms - 114[0m
[0mHEAD / [32m200 [0m1.743 ms - 114[0m
[0mHEAD / [32m200 [0m1.572 ms - 114[0m
[0mHEAD / [32m200 [0m1.767 ms - 114[0m
[0mHEAD / [32m200 [0m0.634 ms - 114[0m
[0mHEAD / [32m200 [0m1.153 ms - 114[0m
[0mHEAD / [32m200 [0m1.886 ms - 114[0m
[0mHEAD / [32m200 [0m1.775 ms - 114[0m
[0mHEAD / [32m200 [0m1.824 ms - 114[0m
[0mHEAD / [32m200 [0m1.428 ms - 114[0m
[0mHEAD / [32m200 [0m1.645 ms - 114[0m
[0mHEAD / [32m200 [0m1.757 ms - 114[0m
[0mHEAD / [32m200 [0m2.018 ms - 114[0m
[0mHEAD / [32m200 [0m1.760 ms - 114[0m
[0mHEAD / [32m200 [0m1.155 ms - 114[0m
[0mHEAD / [32m200 [0m1.541 ms - 114[0m
[0mHEAD / [32m200 [0m1.434 ms - 114[0m
[0mHEAD / [32m200 [0m0.849 ms - 114[0m
[0mHEAD / [32m200 [0m2.018 ms - 114[0m
[0mHEAD / [32m200 [0m1.859 ms - 114[0m
[0mHEAD / [32m200 [0m1.733 ms - 114[0m
[0mHEAD / [32m200 [0m1.742 ms - 114[0m
[0mHEAD / [32m200 [0m1.959 ms - 114[0m
[0mHEAD / [32m200 [0m1.892 ms - 114[0m
[0mHEAD / [32m200 [0m1.570 ms - 114[0m
[0mHEAD / [32m200 [0m1.810 ms - 114[0m
[0mHEAD / [32m200 [0m0.709 ms - 114[0m
[0mHEAD / [32m200 [0m1.750 ms - 114[0m
[0mHEAD / [32m200 [0m1.793 ms - 114[0m
[0mHEAD / [32m200 [0m1.796 ms - 114[0m
[0mHEAD / [32m200 [0m1.818 ms - 114[0m
[0mHEAD / [32m200 [0m1.104 ms - 114[0m
[0mHEAD / [32m200 [0m0.826 ms - 114[0m
[0mHEAD / [32m200 [0m1.706 ms - 114[0m
[0mHEAD / [32m200 [0m1.275 ms - 114[0m
[0mHEAD / [32m200 [0m2.182 ms - 114[0m
[0mHEAD / [32m200 [0m1.341 ms - 114[0m
[0mHEAD / [32m200 [0m2.467 ms - 114[0m
[0mHEAD / [32m200 [0m2.576 ms - 114[0m
[0mHEAD / [32m200 [0m5.328 ms - 114[0m
[0mHEAD / [32m200 [0m1.764 ms - 114[0m
[0mHEAD / [32m200 [0m2.214 ms - 114[0m
[0mHEAD / [32m200 [0m1.865 ms - 114[0m
[0mHEAD / [32m200 [0m1.156 ms - 114[0m
[0mHEAD / [32m200 [0m1.627 ms - 114[0m
[0mHEAD / [32m200 [0m1.806 ms - 114[0m
[0mHEAD / [32m200 [0m1.734 ms - 114[0m
[0mHEAD / [32m200 [0m1.715 ms - 114[0m
[0mHEAD / [32m200 [0m1.664 ms - 114[0m
[0mHEAD / [32m200 [0m1.505 ms - 114[0m
[0mHEAD / [32m200 [0m1.357 ms - 114[0m
[0mHEAD / [32m200 [0m2.635 ms - 114[0m
[0mHEAD / [32m200 [0m1.206 ms - 114[0m
[0mHEAD / [32m200 [0m1.040 ms - 114[0m
[0mHEAD / [32m200 [0m14.712 ms - 114[0m
[0mHEAD / [32m200 [0m3.444 ms - 114[0m
[0mHEAD / [32m200 [0m1.857 ms - 114[0m
[0mHEAD / [32m200 [0m1.746 ms - 114[0m
[0mHEAD / [32m200 [0m2.770 ms - 114[0m
[0mHEAD / [32m200 [0m1.781 ms - 114[0m
[0mHEAD / [32m200 [0m1.712 ms - 114[0m
[0mHEAD / [32m200 [0m1.443 ms - 114[0m
[0mHEAD / [32m200 [0m0.620 ms - 114[0m
[0mHEAD / [32m200 [0m1.712 ms - 114[0m
[0mHEAD / [32m200 [0m2.525 ms - 114[0m
[0mHEAD / [32m200 [0m1.889 ms - 114[0m
[0mHEAD / [32m200 [0m1.691 ms - 114[0m
[0mHEAD / [32m200 [0m1.783 ms - 114[0m
[0mHEAD / [32m200 [0m0.649 ms - 114[0m
[0mHEAD / [32m200 [0m1.723 ms - 114[0m
[0mHEAD / [32m200 [0m1.751 ms - 114[0m
[0mHEAD / [32m200 [0m1.720 ms - 114[0m
[0mHEAD / [32m200 [0m0.799 ms - 114[0m
[0mHEAD / [32m200 [0m2.605 ms - 114[0m
[0mHEAD / [32m200 [0m1.729 ms - 114[0m
[0mHEAD / [32m200 [0m1.737 ms - 114[0m
[0mHEAD / [32m200 [0m2.276 ms - 114[0m
[0mHEAD / [32m200 [0m1.782 ms - 114[0m
[0mHEAD / [32m200 [0m1.774 ms - 114[0m
[0mHEAD / [32m200 [0m1.581 ms - 114[0m
[0mHEAD / [32m200 [0m0.871 ms - 114[0m
[0mHEAD / [32m200 [0m1.901 ms - 114[0m
[0mHEAD / [32m200 [0m1.713 ms - 114[0m
[0mHEAD / [32m200 [0m1.753 ms - 114[0m
[0mHEAD / [32m200 [0m1.440 ms - 114[0m
[0mHEAD / [32m200 [0m0.809 ms - 114[0m
[0mHEAD / [32m200 [0m0.805 ms - 114[0m
[0mHEAD / [32m200 [0m1.724 ms - 114[0m
[0mHEAD / [32m200 [0m1.632 ms - 114[0m
[0mHEAD / [32m200 [0m1.625 ms - 114[0m
[0mHEAD / [32m200 [0m1.737 ms - 114[0m
[0mHEAD / [32m200 [0m1.695 ms - 114[0m
[0mHEAD / [32m200 [0m1.643 ms - 114[0m
[0mHEAD / [32m200 [0m1.361 ms - 114[0m
[0mHEAD / [32m200 [0m1.724 ms - 114[0m
[0mHEAD / [32m200 [0m0.766 ms - 114[0m
[0mHEAD / [32m200 [0m0.922 ms - 114[0m
[0mHEAD / [32m200 [0m1.724 ms - 114[0m
[0mHEAD / [32m200 [0m1.660 ms - 114[0m
[0mHEAD / [32m200 [0m1.752 ms - 114[0m
[0mHEAD / [32m200 [0m1.844 ms - 114[0m
[0mHEAD / [32m200 [0m1.626 ms - 114[0m
[0mHEAD / [32m200 [0m1.309 ms - 114[0m
[0mHEAD / [32m200 [0m1.590 ms - 114[0m
[0mHEAD / [32m200 [0m1.994 ms - 114[0m
[0mHEAD / [32m200 [0m1.704 ms - 114[0m
[0mHEAD / [32m200 [0m1.274 ms - 114[0m
[0mHEAD / [32m200 [0m1.992 ms - 114[0m
[0mHEAD / [32m200 [0m1.197 ms - 114[0m
[0mHEAD / [32m200 [0m1.317 ms - 114[0m
[0mHEAD / [32m200 [0m1.777 ms - 114[0m
[0mHEAD / [32m200 [0m2.216 ms - 114[0m
[0mHEAD / [32m200 [0m1.729 ms - 114[0m
[0mHEAD / [32m200 [0m0.705 ms - 114[0m
[0mHEAD / [32m200 [0m1.926 ms - 114[0m
[0mHEAD / [32m200 [0m1.689 ms - 114[0m
[0mHEAD / [32m200 [0m1.401 ms - 114[0m
[0mHEAD / [32m200 [0m1.769 ms - 114[0m
[0mHEAD / [32m200 [0m1.704 ms - 114[0m
[0mHEAD / [32m200 [0m1.755 ms - 114[0m
[0mHEAD / [32m200 [0m0.691 ms - 114[0m
[0mHEAD / [32m200 [0m0.746 ms - 114[0m
[0mHEAD / [32m200 [0m1.781 ms - 114[0m
[0mHEAD / [32m200 [0m1.212 ms - 114[0m
[0mHEAD / [32m200 [0m1.468 ms - 114[0m
